-------------------------------------------------------------------------------
Test set: com.tweetconsumer.infrastructure.twitter.TwitterMessageProducerTest
-------------------------------------------------------------------------------
Tests run: 1, Failures: 0, Errors: 1, Skipped: 0, Time elapsed: 0.002 s <<< FAILURE! - in com.tweetconsumer.infrastructure.twitter.TwitterMessageProducerTest
initializationError  Time elapsed: 0 s  <<< ERROR!
java.lang.Exception: No runnable methods

