-------------------------------------------------------------------------------
Test set: com.tweetconsumer.TweetconsumerApplicationTests
-------------------------------------------------------------------------------
Tests run: 1, Failures: 0, Errors: 1, Skipped: 0, Time elapsed: 17.668 s <<< FAILURE! - in com.tweetconsumer.TweetconsumerApplicationTests
contextLoads  Time elapsed: 0.001 s  <<< ERROR!
java.lang.IllegalStateException: Failed to load ApplicationContext
Caused by: org.springframework.beans.factory.UnsatisfiedDependencyException: Error creating bean with name 'tweetConsumerApp': Unsatisfied dependency expressed through field 'tweetsRepository'; nested exception is org.springframework.beans.factory.UnsatisfiedDependencyException: Error creating bean with name 'tweetsJdbcRepository' defined in class path resource [com/tweetconsumer/infrastructure/configuration/TweetsAppConfig.class]: Unsatisfied dependency expressed through method 'tweetsJdbcRepository' parameter 0; nested exception is org.springframework.beans.factory.NoSuchBeanDefinitionException: No qualifying bean of type 'org.springframework.jdbc.core.JdbcTemplate' available: expected at least 1 bean which qualifies as autowire candidate. Dependency annotations: {}
Caused by: org.springframework.beans.factory.UnsatisfiedDependencyException: Error creating bean with name 'tweetsJdbcRepository' defined in class path resource [com/tweetconsumer/infrastructure/configuration/TweetsAppConfig.class]: Unsatisfied dependency expressed through method 'tweetsJdbcRepository' parameter 0; nested exception is org.springframework.beans.factory.NoSuchBeanDefinitionException: No qualifying bean of type 'org.springframework.jdbc.core.JdbcTemplate' available: expected at least 1 bean which qualifies as autowire candidate. Dependency annotations: {}
Caused by: org.springframework.beans.factory.NoSuchBeanDefinitionException: No qualifying bean of type 'org.springframework.jdbc.core.JdbcTemplate' available: expected at least 1 bean which qualifies as autowire candidate. Dependency annotations: {}

